11-Nov-2020 18:08:48.978 INFO [main] org.apache.catalina.startup.VersionLoggerListener.log Server version:        Apache Tomcat/9.0.1
11-Nov-2020 18:08:48.980 INFO [main] org.apache.catalina.startup.VersionLoggerListener.log Server built:          Sep 27 2017 17:31:52 UTC
11-Nov-2020 18:08:48.980 INFO [main] org.apache.catalina.startup.VersionLoggerListener.log Server number:         9.0.1.0
11-Nov-2020 18:08:48.980 INFO [main] org.apache.catalina.startup.VersionLoggerListener.log OS Name:               Windows 10
11-Nov-2020 18:08:48.980 INFO [main] org.apache.catalina.startup.VersionLoggerListener.log OS Version:            10.0
11-Nov-2020 18:08:48.981 INFO [main] org.apache.catalina.startup.VersionLoggerListener.log Architecture:          amd64
11-Nov-2020 18:08:48.981 INFO [main] org.apache.catalina.startup.VersionLoggerListener.log Java Home:             C:\Program Files\Java\jdk-15
11-Nov-2020 18:08:48.981 INFO [main] org.apache.catalina.startup.VersionLoggerListener.log JVM Version:           15+36-1562
11-Nov-2020 18:08:48.981 INFO [main] org.apache.catalina.startup.VersionLoggerListener.log JVM Vendor:            Oracle Corporation
11-Nov-2020 18:08:48.981 INFO [main] org.apache.catalina.startup.VersionLoggerListener.log CATALINA_BASE:         C:\Users\Mark\Documents\Swansea Work\Data Representation, Markup Languages and Web Services\Labs\Lab 7\Lab7_Files\Lab7_Files\tomcat\tomcat
11-Nov-2020 18:08:48.981 INFO [main] org.apache.catalina.startup.VersionLoggerListener.log CATALINA_HOME:         C:\Users\Mark\Documents\Swansea Work\Data Representation, Markup Languages and Web Services\Labs\Lab 7\Lab7_Files\Lab7_Files\tomcat\tomcat
11-Nov-2020 18:08:48.981 INFO [main] org.apache.catalina.startup.VersionLoggerListener.log Command line argument: --add-opens=java.base/java.lang=ALL-UNNAMED
11-Nov-2020 18:08:48.982 INFO [main] org.apache.catalina.startup.VersionLoggerListener.log Command line argument: --add-opens=java.rmi/sun.rmi.transport=ALL-UNNAMED
11-Nov-2020 18:08:48.982 INFO [main] org.apache.catalina.startup.VersionLoggerListener.log Command line argument: -Djava.util.logging.config.file=C:\Users\Mark\Documents\Swansea Work\Data Representation, Markup Languages and Web Services\Labs\Lab 7\Lab7_Files\Lab7_Files\tomcat\tomcat\conf\logging.properties
11-Nov-2020 18:08:48.982 INFO [main] org.apache.catalina.startup.VersionLoggerListener.log Command line argument: -Djava.util.logging.manager=org.apache.juli.ClassLoaderLogManager
11-Nov-2020 18:08:48.982 INFO [main] org.apache.catalina.startup.VersionLoggerListener.log Command line argument: -Djdk.tls.ephemeralDHKeySize=2048
11-Nov-2020 18:08:48.983 INFO [main] org.apache.catalina.startup.VersionLoggerListener.log Command line argument: -Djava.protocol.handler.pkgs=org.apache.catalina.webresources
11-Nov-2020 18:08:48.983 INFO [main] org.apache.catalina.startup.VersionLoggerListener.log Command line argument: -Dcatalina.base=C:\Users\Mark\Documents\Swansea Work\Data Representation, Markup Languages and Web Services\Labs\Lab 7\Lab7_Files\Lab7_Files\tomcat\tomcat
11-Nov-2020 18:08:48.983 INFO [main] org.apache.catalina.startup.VersionLoggerListener.log Command line argument: -Dcatalina.home=C:\Users\Mark\Documents\Swansea Work\Data Representation, Markup Languages and Web Services\Labs\Lab 7\Lab7_Files\Lab7_Files\tomcat\tomcat
11-Nov-2020 18:08:48.984 INFO [main] org.apache.catalina.startup.VersionLoggerListener.log Command line argument: -Djava.io.tmpdir=C:\Users\Mark\Documents\Swansea Work\Data Representation, Markup Languages and Web Services\Labs\Lab 7\Lab7_Files\Lab7_Files\tomcat\tomcat\temp
11-Nov-2020 18:08:48.984 INFO [main] org.apache.catalina.core.AprLifecycleListener.lifecycleEvent The APR based Apache Tomcat Native library which allows optimal performance in production environments was not found on the java.library.path: [C:\Program Files\Java\jdk-15\bin;C:\Windows\Sun\Java\bin;C:\Windows\system32;C:\Windows;C:\Program Files\Common Files\Oracle\Java\javapath;C:\Program Files\Java\jdk-15\bin;C:\Windows\system32;C:\Windows;C:\Windows\System32\Wbem;C:\Windows\System32\WindowsPowerShell\v1.0\;C:\Windows\System32\OpenSSH\;C:\Program Files (x86)\NVIDIA Corporation\PhysX\Common;C:\Program Files\NVIDIA Corporation\NVIDIA NvDLISR;C:\Program Files\Microsoft SQL Server\130\Tools\Binn\;C:\Program Files\Microsoft SQL Server\Client SDK\ODBC\170\Tools\Binn\;C:\Program Files\nodejs\;C:\Program Files (x86)\Microsoft SQL Server\150\Tools\Binn\;C:\Program Files\Microsoft SQL Server\150\Tools\Binn\;C:\Program Files\Microsoft SQL Server\150\DTS\Binn\;C:\Program Files (x86)\Microsoft SQL Server\150\DTS\Binn\;C:\Program Files\CMake\bin;C:\Program Files\dotnet\;C:\Program Files (x86)\Common Files\Oracle\Java\javapath;C:\Program Files\Git\cmd;C:\Users\Mark\AppData\Local\Programs\Python\Python39\Scripts\;C:\Users\Mark\AppData\Local\Programs\Python\Python39\;C:\Program Files\MySQL\MySQL Shell 8.0\bin\;C:\Users\Mark\AppData\Local\Microsoft\WindowsApps;C:\Users\Mark\AppData\Local\Programs\Microsoft VS Code\bin;C:\Users\Mark\AppData\Roaming\npm;C:\Users\Mark\.dotnet\tools;C:\Users\Mark\AppData\Local\GitHubDesktop\bin;.]
11-Nov-2020 18:08:49.010 INFO [main] org.apache.coyote.AbstractProtocol.init Initializing ProtocolHandler ["http-nio-8080"]
11-Nov-2020 18:08:49.065 INFO [main] org.apache.tomcat.util.net.NioSelectorPool.getSharedSelector Using a shared selector for servlet write/read
11-Nov-2020 18:08:49.069 INFO [main] org.apache.coyote.AbstractProtocol.init Initializing ProtocolHandler ["ajp-nio-8009"]
11-Nov-2020 18:08:49.071 INFO [main] org.apache.tomcat.util.net.NioSelectorPool.getSharedSelector Using a shared selector for servlet write/read
11-Nov-2020 18:08:49.072 INFO [main] org.apache.catalina.startup.Catalina.load Initialization processed in 339 ms
11-Nov-2020 18:08:49.094 INFO [main] org.apache.catalina.core.StandardService.startInternal Starting service [Catalina]
11-Nov-2020 18:08:49.094 INFO [main] org.apache.catalina.core.StandardEngine.startInternal Starting Servlet Engine: Apache Tomcat/9.0.1
11-Nov-2020 18:08:49.100 INFO [main] org.apache.catalina.startup.HostConfig.deployDirectory Deploying web application directory [C:\Users\Mark\Documents\Swansea Work\Data Representation, Markup Languages and Web Services\Labs\Lab 7\Lab7_Files\Lab7_Files\tomcat\tomcat\webapps\Lab7]
11-Nov-2020 18:08:49.332 INFO [main] org.apache.catalina.startup.HostConfig.deployDirectory Deployment of web application directory [C:\Users\Mark\Documents\Swansea Work\Data Representation, Markup Languages and Web Services\Labs\Lab 7\Lab7_Files\Lab7_Files\tomcat\tomcat\webapps\Lab7] has finished in [231] ms
11-Nov-2020 18:08:49.332 INFO [main] org.apache.catalina.startup.HostConfig.deployDirectory Deploying web application directory [C:\Users\Mark\Documents\Swansea Work\Data Representation, Markup Languages and Web Services\Labs\Lab 7\Lab7_Files\Lab7_Files\tomcat\tomcat\webapps\ROOT]
11-Nov-2020 18:08:49.364 INFO [main] org.apache.catalina.startup.HostConfig.deployDirectory Deployment of web application directory [C:\Users\Mark\Documents\Swansea Work\Data Representation, Markup Languages and Web Services\Labs\Lab 7\Lab7_Files\Lab7_Files\tomcat\tomcat\webapps\ROOT] has finished in [31] ms
11-Nov-2020 18:08:49.365 INFO [main] org.apache.coyote.AbstractProtocol.start Starting ProtocolHandler ["http-nio-8080"]
11-Nov-2020 18:08:49.378 INFO [main] org.apache.coyote.AbstractProtocol.start Starting ProtocolHandler ["ajp-nio-8009"]
11-Nov-2020 18:08:49.380 INFO [main] org.apache.catalina.startup.Catalina.start Server startup in 308 ms
11-Nov-2020 18:09:49.294 INFO [main] org.apache.catalina.startup.VersionLoggerListener.log Server version:        Apache Tomcat/9.0.1
11-Nov-2020 18:09:49.296 INFO [main] org.apache.catalina.startup.VersionLoggerListener.log Server built:          Sep 27 2017 17:31:52 UTC
11-Nov-2020 18:09:49.296 INFO [main] org.apache.catalina.startup.VersionLoggerListener.log Server number:         9.0.1.0
11-Nov-2020 18:09:49.296 INFO [main] org.apache.catalina.startup.VersionLoggerListener.log OS Name:               Windows 10
11-Nov-2020 18:09:49.297 INFO [main] org.apache.catalina.startup.VersionLoggerListener.log OS Version:            10.0
11-Nov-2020 18:09:49.297 INFO [main] org.apache.catalina.startup.VersionLoggerListener.log Architecture:          amd64
11-Nov-2020 18:09:49.297 INFO [main] org.apache.catalina.startup.VersionLoggerListener.log Java Home:             C:\Program Files\Java\jdk-15
11-Nov-2020 18:09:49.297 INFO [main] org.apache.catalina.startup.VersionLoggerListener.log JVM Version:           15+36-1562
11-Nov-2020 18:09:49.297 INFO [main] org.apache.catalina.startup.VersionLoggerListener.log JVM Vendor:            Oracle Corporation
11-Nov-2020 18:09:49.297 INFO [main] org.apache.catalina.startup.VersionLoggerListener.log CATALINA_BASE:         C:\Users\Mark\Documents\Swansea Work\Data Representation, Markup Languages and Web Services\Labs\Lab 7\Lab7_Files\Lab7_Files\tomcat\tomcat
11-Nov-2020 18:09:49.297 INFO [main] org.apache.catalina.startup.VersionLoggerListener.log CATALINA_HOME:         C:\Users\Mark\Documents\Swansea Work\Data Representation, Markup Languages and Web Services\Labs\Lab 7\Lab7_Files\Lab7_Files\tomcat\tomcat
11-Nov-2020 18:09:49.298 INFO [main] org.apache.catalina.startup.VersionLoggerListener.log Command line argument: --add-opens=java.base/java.lang=ALL-UNNAMED
11-Nov-2020 18:09:49.298 INFO [main] org.apache.catalina.startup.VersionLoggerListener.log Command line argument: --add-opens=java.rmi/sun.rmi.transport=ALL-UNNAMED
11-Nov-2020 18:09:49.298 INFO [main] org.apache.catalina.startup.VersionLoggerListener.log Command line argument: -Djava.util.logging.config.file=C:\Users\Mark\Documents\Swansea Work\Data Representation, Markup Languages and Web Services\Labs\Lab 7\Lab7_Files\Lab7_Files\tomcat\tomcat\conf\logging.properties
11-Nov-2020 18:09:49.298 INFO [main] org.apache.catalina.startup.VersionLoggerListener.log Command line argument: -Djava.util.logging.manager=org.apache.juli.ClassLoaderLogManager
11-Nov-2020 18:09:49.299 INFO [main] org.apache.catalina.startup.VersionLoggerListener.log Command line argument: -Djdk.tls.ephemeralDHKeySize=2048
11-Nov-2020 18:09:49.299 INFO [main] org.apache.catalina.startup.VersionLoggerListener.log Command line argument: -Djava.protocol.handler.pkgs=org.apache.catalina.webresources
11-Nov-2020 18:09:49.300 INFO [main] org.apache.catalina.startup.VersionLoggerListener.log Command line argument: -Dcatalina.base=C:\Users\Mark\Documents\Swansea Work\Data Representation, Markup Languages and Web Services\Labs\Lab 7\Lab7_Files\Lab7_Files\tomcat\tomcat
11-Nov-2020 18:09:49.300 INFO [main] org.apache.catalina.startup.VersionLoggerListener.log Command line argument: -Dcatalina.home=C:\Users\Mark\Documents\Swansea Work\Data Representation, Markup Languages and Web Services\Labs\Lab 7\Lab7_Files\Lab7_Files\tomcat\tomcat
11-Nov-2020 18:09:49.300 INFO [main] org.apache.catalina.startup.VersionLoggerListener.log Command line argument: -Djava.io.tmpdir=C:\Users\Mark\Documents\Swansea Work\Data Representation, Markup Languages and Web Services\Labs\Lab 7\Lab7_Files\Lab7_Files\tomcat\tomcat\temp
11-Nov-2020 18:09:49.301 INFO [main] org.apache.catalina.core.AprLifecycleListener.lifecycleEvent The APR based Apache Tomcat Native library which allows optimal performance in production environments was not found on the java.library.path: [C:\Program Files\Java\jdk-15\bin;C:\Windows\Sun\Java\bin;C:\Windows\system32;C:\Windows;C:\Program Files\Common Files\Oracle\Java\javapath;C:\Program Files\Java\jdk-15\bin;C:\Windows\system32;C:\Windows;C:\Windows\System32\Wbem;C:\Windows\System32\WindowsPowerShell\v1.0\;C:\Windows\System32\OpenSSH\;C:\Program Files (x86)\NVIDIA Corporation\PhysX\Common;C:\Program Files\NVIDIA Corporation\NVIDIA NvDLISR;C:\Program Files\Microsoft SQL Server\130\Tools\Binn\;C:\Program Files\Microsoft SQL Server\Client SDK\ODBC\170\Tools\Binn\;C:\Program Files\nodejs\;C:\Program Files (x86)\Microsoft SQL Server\150\Tools\Binn\;C:\Program Files\Microsoft SQL Server\150\Tools\Binn\;C:\Program Files\Microsoft SQL Server\150\DTS\Binn\;C:\Program Files (x86)\Microsoft SQL Server\150\DTS\Binn\;C:\Program Files\CMake\bin;C:\Program Files\dotnet\;C:\Program Files (x86)\Common Files\Oracle\Java\javapath;C:\Program Files\Git\cmd;C:\Users\Mark\AppData\Local\Programs\Python\Python39\Scripts\;C:\Users\Mark\AppData\Local\Programs\Python\Python39\;C:\Program Files\MySQL\MySQL Shell 8.0\bin\;C:\Users\Mark\AppData\Local\Microsoft\WindowsApps;C:\Users\Mark\AppData\Local\Programs\Microsoft VS Code\bin;C:\Users\Mark\AppData\Roaming\npm;C:\Users\Mark\.dotnet\tools;C:\Users\Mark\AppData\Local\GitHubDesktop\bin;.]
11-Nov-2020 18:09:49.328 INFO [main] org.apache.coyote.AbstractProtocol.init Initializing ProtocolHandler ["http-nio-8080"]
11-Nov-2020 18:09:49.386 INFO [main] org.apache.tomcat.util.net.NioSelectorPool.getSharedSelector Using a shared selector for servlet write/read
11-Nov-2020 18:09:49.390 INFO [main] org.apache.coyote.AbstractProtocol.init Initializing ProtocolHandler ["ajp-nio-8009"]
11-Nov-2020 18:09:49.392 INFO [main] org.apache.tomcat.util.net.NioSelectorPool.getSharedSelector Using a shared selector for servlet write/read
11-Nov-2020 18:09:49.392 INFO [main] org.apache.catalina.startup.Catalina.load Initialization processed in 353 ms
11-Nov-2020 18:09:49.416 INFO [main] org.apache.catalina.core.StandardService.startInternal Starting service [Catalina]
11-Nov-2020 18:09:49.417 INFO [main] org.apache.catalina.core.StandardEngine.startInternal Starting Servlet Engine: Apache Tomcat/9.0.1
11-Nov-2020 18:09:49.422 INFO [main] org.apache.catalina.startup.HostConfig.deployDirectory Deploying web application directory [C:\Users\Mark\Documents\Swansea Work\Data Representation, Markup Languages and Web Services\Labs\Lab 7\Lab7_Files\Lab7_Files\tomcat\tomcat\webapps\Lab7]
11-Nov-2020 18:09:49.649 INFO [main] org.apache.catalina.startup.HostConfig.deployDirectory Deployment of web application directory [C:\Users\Mark\Documents\Swansea Work\Data Representation, Markup Languages and Web Services\Labs\Lab 7\Lab7_Files\Lab7_Files\tomcat\tomcat\webapps\Lab7] has finished in [227] ms
11-Nov-2020 18:09:49.650 INFO [main] org.apache.catalina.startup.HostConfig.deployDirectory Deploying web application directory [C:\Users\Mark\Documents\Swansea Work\Data Representation, Markup Languages and Web Services\Labs\Lab 7\Lab7_Files\Lab7_Files\tomcat\tomcat\webapps\ROOT]
11-Nov-2020 18:09:49.681 INFO [main] org.apache.catalina.startup.HostConfig.deployDirectory Deployment of web application directory [C:\Users\Mark\Documents\Swansea Work\Data Representation, Markup Languages and Web Services\Labs\Lab 7\Lab7_Files\Lab7_Files\tomcat\tomcat\webapps\ROOT] has finished in [32] ms
11-Nov-2020 18:09:49.683 INFO [main] org.apache.coyote.AbstractProtocol.start Starting ProtocolHandler ["http-nio-8080"]
11-Nov-2020 18:09:49.694 INFO [main] org.apache.coyote.AbstractProtocol.start Starting ProtocolHandler ["ajp-nio-8009"]
11-Nov-2020 18:09:49.697 INFO [main] org.apache.catalina.startup.Catalina.start Server startup in 303 ms
11-Nov-2020 18:11:19.700 INFO [ContainerBackgroundProcessor[StandardEngine[Catalina]]] org.apache.catalina.startup.HostConfig.reload Reloading context []
11-Nov-2020 18:11:19.700 INFO [ContainerBackgroundProcessor[StandardEngine[Catalina]]] org.apache.catalina.core.StandardContext.reload Reloading Context with name [] has started
11-Nov-2020 18:11:19.734 INFO [ContainerBackgroundProcessor[StandardEngine[Catalina]]] org.apache.catalina.core.StandardContext.reload Reloading Context with name [] is completed
11-Nov-2020 18:11:28.310 INFO [main] org.apache.catalina.core.StandardServer.await A valid shutdown command was received via the shutdown port. Stopping the Server instance.
11-Nov-2020 18:11:28.311 INFO [main] org.apache.coyote.AbstractProtocol.pause Pausing ProtocolHandler ["http-nio-8080"]
11-Nov-2020 18:11:28.368 INFO [main] org.apache.coyote.AbstractProtocol.pause Pausing ProtocolHandler ["ajp-nio-8009"]
11-Nov-2020 18:11:28.423 INFO [main] org.apache.catalina.core.StandardService.stopInternal Stopping service [Catalina]
11-Nov-2020 18:11:28.428 INFO [main] org.apache.coyote.AbstractProtocol.stop Stopping ProtocolHandler ["http-nio-8080"]
11-Nov-2020 18:11:28.429 INFO [main] org.apache.coyote.AbstractProtocol.stop Stopping ProtocolHandler ["ajp-nio-8009"]
11-Nov-2020 18:11:28.430 INFO [main] org.apache.coyote.AbstractProtocol.destroy Destroying ProtocolHandler ["http-nio-8080"]
11-Nov-2020 18:11:28.430 INFO [main] org.apache.coyote.AbstractProtocol.destroy Destroying ProtocolHandler ["ajp-nio-8009"]
11-Nov-2020 18:11:36.737 INFO [main] org.apache.catalina.startup.VersionLoggerListener.log Server version:        Apache Tomcat/9.0.1
11-Nov-2020 18:11:36.740 INFO [main] org.apache.catalina.startup.VersionLoggerListener.log Server built:          Sep 27 2017 17:31:52 UTC
11-Nov-2020 18:11:36.740 INFO [main] org.apache.catalina.startup.VersionLoggerListener.log Server number:         9.0.1.0
11-Nov-2020 18:11:36.740 INFO [main] org.apache.catalina.startup.VersionLoggerListener.log OS Name:               Windows 10
11-Nov-2020 18:11:36.740 INFO [main] org.apache.catalina.startup.VersionLoggerListener.log OS Version:            10.0
11-Nov-2020 18:11:36.740 INFO [main] org.apache.catalina.startup.VersionLoggerListener.log Architecture:          amd64
11-Nov-2020 18:11:36.740 INFO [main] org.apache.catalina.startup.VersionLoggerListener.log Java Home:             C:\Program Files\Java\jdk-15
11-Nov-2020 18:11:36.741 INFO [main] org.apache.catalina.startup.VersionLoggerListener.log JVM Version:           15+36-1562
11-Nov-2020 18:11:36.741 INFO [main] org.apache.catalina.startup.VersionLoggerListener.log JVM Vendor:            Oracle Corporation
11-Nov-2020 18:11:36.741 INFO [main] org.apache.catalina.startup.VersionLoggerListener.log CATALINA_BASE:         C:\Users\Mark\Documents\Swansea Work\Data Representation, Markup Languages and Web Services\Labs\Lab 7\Lab7_Files\Lab7_Files\tomcat\tomcat
11-Nov-2020 18:11:36.741 INFO [main] org.apache.catalina.startup.VersionLoggerListener.log CATALINA_HOME:         C:\Users\Mark\Documents\Swansea Work\Data Representation, Markup Languages and Web Services\Labs\Lab 7\Lab7_Files\Lab7_Files\tomcat\tomcat
11-Nov-2020 18:11:36.741 INFO [main] org.apache.catalina.startup.VersionLoggerListener.log Command line argument: --add-opens=java.base/java.lang=ALL-UNNAMED
11-Nov-2020 18:11:36.741 INFO [main] org.apache.catalina.startup.VersionLoggerListener.log Command line argument: --add-opens=java.rmi/sun.rmi.transport=ALL-UNNAMED
11-Nov-2020 18:11:36.741 INFO [main] org.apache.catalina.startup.VersionLoggerListener.log Command line argument: -Djava.util.logging.config.file=C:\Users\Mark\Documents\Swansea Work\Data Representation, Markup Languages and Web Services\Labs\Lab 7\Lab7_Files\Lab7_Files\tomcat\tomcat\conf\logging.properties
11-Nov-2020 18:11:36.742 INFO [main] org.apache.catalina.startup.VersionLoggerListener.log Command line argument: -Djava.util.logging.manager=org.apache.juli.ClassLoaderLogManager
11-Nov-2020 18:11:36.742 INFO [main] org.apache.catalina.startup.VersionLoggerListener.log Command line argument: -Djdk.tls.ephemeralDHKeySize=2048
11-Nov-2020 18:11:36.743 INFO [main] org.apache.catalina.startup.VersionLoggerListener.log Command line argument: -Djava.protocol.handler.pkgs=org.apache.catalina.webresources
11-Nov-2020 18:11:36.743 INFO [main] org.apache.catalina.startup.VersionLoggerListener.log Command line argument: -Dcatalina.base=C:\Users\Mark\Documents\Swansea Work\Data Representation, Markup Languages and Web Services\Labs\Lab 7\Lab7_Files\Lab7_Files\tomcat\tomcat
11-Nov-2020 18:11:36.744 INFO [main] org.apache.catalina.startup.VersionLoggerListener.log Command line argument: -Dcatalina.home=C:\Users\Mark\Documents\Swansea Work\Data Representation, Markup Languages and Web Services\Labs\Lab 7\Lab7_Files\Lab7_Files\tomcat\tomcat
11-Nov-2020 18:11:36.746 INFO [main] org.apache.catalina.startup.VersionLoggerListener.log Command line argument: -Djava.io.tmpdir=C:\Users\Mark\Documents\Swansea Work\Data Representation, Markup Languages and Web Services\Labs\Lab 7\Lab7_Files\Lab7_Files\tomcat\tomcat\temp
11-Nov-2020 18:11:36.747 INFO [main] org.apache.catalina.core.AprLifecycleListener.lifecycleEvent The APR based Apache Tomcat Native library which allows optimal performance in production environments was not found on the java.library.path: [C:\Program Files\Java\jdk-15\bin;C:\Windows\Sun\Java\bin;C:\Windows\system32;C:\Windows;C:\Program Files\Common Files\Oracle\Java\javapath;C:\Program Files\Java\jdk-15\bin;C:\Windows\system32;C:\Windows;C:\Windows\System32\Wbem;C:\Windows\System32\WindowsPowerShell\v1.0\;C:\Windows\System32\OpenSSH\;C:\Program Files (x86)\NVIDIA Corporation\PhysX\Common;C:\Program Files\NVIDIA Corporation\NVIDIA NvDLISR;C:\Program Files\Microsoft SQL Server\130\Tools\Binn\;C:\Program Files\Microsoft SQL Server\Client SDK\ODBC\170\Tools\Binn\;C:\Program Files\nodejs\;C:\Program Files (x86)\Microsoft SQL Server\150\Tools\Binn\;C:\Program Files\Microsoft SQL Server\150\Tools\Binn\;C:\Program Files\Microsoft SQL Server\150\DTS\Binn\;C:\Program Files (x86)\Microsoft SQL Server\150\DTS\Binn\;C:\Program Files\CMake\bin;C:\Program Files\dotnet\;C:\Program Files (x86)\Common Files\Oracle\Java\javapath;C:\Program Files\Git\cmd;C:\Users\Mark\AppData\Local\Programs\Python\Python39\Scripts\;C:\Users\Mark\AppData\Local\Programs\Python\Python39\;C:\Program Files\MySQL\MySQL Shell 8.0\bin\;C:\Users\Mark\AppData\Local\Microsoft\WindowsApps;C:\Users\Mark\AppData\Local\Programs\Microsoft VS Code\bin;C:\Users\Mark\AppData\Roaming\npm;C:\Users\Mark\.dotnet\tools;C:\Users\Mark\AppData\Local\GitHubDesktop\bin;.]
11-Nov-2020 18:11:36.772 INFO [main] org.apache.coyote.AbstractProtocol.init Initializing ProtocolHandler ["http-nio-8080"]
11-Nov-2020 18:11:36.829 INFO [main] org.apache.tomcat.util.net.NioSelectorPool.getSharedSelector Using a shared selector for servlet write/read
11-Nov-2020 18:11:36.834 INFO [main] org.apache.coyote.AbstractProtocol.init Initializing ProtocolHandler ["ajp-nio-8009"]
11-Nov-2020 18:11:36.836 INFO [main] org.apache.tomcat.util.net.NioSelectorPool.getSharedSelector Using a shared selector for servlet write/read
11-Nov-2020 18:11:36.836 INFO [main] org.apache.catalina.startup.Catalina.load Initialization processed in 343 ms
11-Nov-2020 18:11:36.861 INFO [main] org.apache.catalina.core.StandardService.startInternal Starting service [Catalina]
11-Nov-2020 18:11:36.861 INFO [main] org.apache.catalina.core.StandardEngine.startInternal Starting Servlet Engine: Apache Tomcat/9.0.1
11-Nov-2020 18:11:36.866 INFO [main] org.apache.catalina.startup.HostConfig.deployDirectory Deploying web application directory [C:\Users\Mark\Documents\Swansea Work\Data Representation, Markup Languages and Web Services\Labs\Lab 7\Lab7_Files\Lab7_Files\tomcat\tomcat\webapps\Lab7]
11-Nov-2020 18:11:37.094 INFO [main] org.apache.catalina.startup.HostConfig.deployDirectory Deployment of web application directory [C:\Users\Mark\Documents\Swansea Work\Data Representation, Markup Languages and Web Services\Labs\Lab 7\Lab7_Files\Lab7_Files\tomcat\tomcat\webapps\Lab7] has finished in [228] ms
11-Nov-2020 18:11:37.095 INFO [main] org.apache.catalina.startup.HostConfig.deployDirectory Deploying web application directory [C:\Users\Mark\Documents\Swansea Work\Data Representation, Markup Languages and Web Services\Labs\Lab 7\Lab7_Files\Lab7_Files\tomcat\tomcat\webapps\ROOT]
11-Nov-2020 18:11:37.126 INFO [main] org.apache.catalina.startup.HostConfig.deployDirectory Deployment of web application directory [C:\Users\Mark\Documents\Swansea Work\Data Representation, Markup Languages and Web Services\Labs\Lab 7\Lab7_Files\Lab7_Files\tomcat\tomcat\webapps\ROOT] has finished in [32] ms
11-Nov-2020 18:11:37.128 INFO [main] org.apache.coyote.AbstractProtocol.start Starting ProtocolHandler ["http-nio-8080"]
11-Nov-2020 18:11:37.141 INFO [main] org.apache.coyote.AbstractProtocol.start Starting ProtocolHandler ["ajp-nio-8009"]
11-Nov-2020 18:11:37.143 INFO [main] org.apache.catalina.startup.Catalina.start Server startup in 306 ms
11-Nov-2020 18:14:39.387 INFO [main] org.apache.catalina.startup.VersionLoggerListener.log Server version:        Apache Tomcat/9.0.1
11-Nov-2020 18:14:39.389 INFO [main] org.apache.catalina.startup.VersionLoggerListener.log Server built:          Sep 27 2017 17:31:52 UTC
11-Nov-2020 18:14:39.389 INFO [main] org.apache.catalina.startup.VersionLoggerListener.log Server number:         9.0.1.0
11-Nov-2020 18:14:39.389 INFO [main] org.apache.catalina.startup.VersionLoggerListener.log OS Name:               Windows 10
11-Nov-2020 18:14:39.390 INFO [main] org.apache.catalina.startup.VersionLoggerListener.log OS Version:            10.0
11-Nov-2020 18:14:39.390 INFO [main] org.apache.catalina.startup.VersionLoggerListener.log Architecture:          amd64
11-Nov-2020 18:14:39.390 INFO [main] org.apache.catalina.startup.VersionLoggerListener.log Java Home:             C:\Program Files\Java\jdk-15
11-Nov-2020 18:14:39.390 INFO [main] org.apache.catalina.startup.VersionLoggerListener.log JVM Version:           15+36-1562
11-Nov-2020 18:14:39.390 INFO [main] org.apache.catalina.startup.VersionLoggerListener.log JVM Vendor:            Oracle Corporation
11-Nov-2020 18:14:39.390 INFO [main] org.apache.catalina.startup.VersionLoggerListener.log CATALINA_BASE:         C:\Users\Mark\Documents\Swansea Work\Data Representation, Markup Languages and Web Services\Labs\Lab 7\tomcat
11-Nov-2020 18:14:39.390 INFO [main] org.apache.catalina.startup.VersionLoggerListener.log CATALINA_HOME:         C:\Users\Mark\Documents\Swansea Work\Data Representation, Markup Languages and Web Services\Labs\Lab 7\tomcat
11-Nov-2020 18:14:39.391 INFO [main] org.apache.catalina.startup.VersionLoggerListener.log Command line argument: --add-opens=java.base/java.lang=ALL-UNNAMED
11-Nov-2020 18:14:39.391 INFO [main] org.apache.catalina.startup.VersionLoggerListener.log Command line argument: --add-opens=java.rmi/sun.rmi.transport=ALL-UNNAMED
11-Nov-2020 18:14:39.391 INFO [main] org.apache.catalina.startup.VersionLoggerListener.log Command line argument: -Djava.util.logging.config.file=C:\Users\Mark\Documents\Swansea Work\Data Representation, Markup Languages and Web Services\Labs\Lab 7\tomcat\conf\logging.properties
11-Nov-2020 18:14:39.391 INFO [main] org.apache.catalina.startup.VersionLoggerListener.log Command line argument: -Djava.util.logging.manager=org.apache.juli.ClassLoaderLogManager
11-Nov-2020 18:14:39.391 INFO [main] org.apache.catalina.startup.VersionLoggerListener.log Command line argument: -Djdk.tls.ephemeralDHKeySize=2048
11-Nov-2020 18:14:39.392 INFO [main] org.apache.catalina.startup.VersionLoggerListener.log Command line argument: -Djava.protocol.handler.pkgs=org.apache.catalina.webresources
11-Nov-2020 18:14:39.392 INFO [main] org.apache.catalina.startup.VersionLoggerListener.log Command line argument: -Dcatalina.base=C:\Users\Mark\Documents\Swansea Work\Data Representation, Markup Languages and Web Services\Labs\Lab 7\tomcat
11-Nov-2020 18:14:39.393 INFO [main] org.apache.catalina.startup.VersionLoggerListener.log Command line argument: -Dcatalina.home=C:\Users\Mark\Documents\Swansea Work\Data Representation, Markup Languages and Web Services\Labs\Lab 7\tomcat
11-Nov-2020 18:14:39.393 INFO [main] org.apache.catalina.startup.VersionLoggerListener.log Command line argument: -Djava.io.tmpdir=C:\Users\Mark\Documents\Swansea Work\Data Representation, Markup Languages and Web Services\Labs\Lab 7\tomcat\temp
11-Nov-2020 18:14:39.393 INFO [main] org.apache.catalina.core.AprLifecycleListener.lifecycleEvent The APR based Apache Tomcat Native library which allows optimal performance in production environments was not found on the java.library.path: [C:\Program Files\Java\jdk-15\bin;C:\Windows\Sun\Java\bin;C:\Windows\system32;C:\Windows;C:\Program Files\Common Files\Oracle\Java\javapath;C:\Program Files\Java\jdk-15\bin;C:\Windows\system32;C:\Windows;C:\Windows\System32\Wbem;C:\Windows\System32\WindowsPowerShell\v1.0\;C:\Windows\System32\OpenSSH\;C:\Program Files (x86)\NVIDIA Corporation\PhysX\Common;C:\Program Files\NVIDIA Corporation\NVIDIA NvDLISR;C:\Program Files\Microsoft SQL Server\130\Tools\Binn\;C:\Program Files\Microsoft SQL Server\Client SDK\ODBC\170\Tools\Binn\;C:\Program Files\nodejs\;C:\Program Files (x86)\Microsoft SQL Server\150\Tools\Binn\;C:\Program Files\Microsoft SQL Server\150\Tools\Binn\;C:\Program Files\Microsoft SQL Server\150\DTS\Binn\;C:\Program Files (x86)\Microsoft SQL Server\150\DTS\Binn\;C:\Program Files\CMake\bin;C:\Program Files\dotnet\;C:\Program Files (x86)\Common Files\Oracle\Java\javapath;C:\Program Files\Git\cmd;C:\Users\Mark\AppData\Local\Programs\Python\Python39\Scripts\;C:\Users\Mark\AppData\Local\Programs\Python\Python39\;C:\Program Files\MySQL\MySQL Shell 8.0\bin\;C:\Users\Mark\AppData\Local\Microsoft\WindowsApps;C:\Users\Mark\AppData\Local\Programs\Microsoft VS Code\bin;C:\Users\Mark\AppData\Roaming\npm;C:\Users\Mark\.dotnet\tools;C:\Users\Mark\AppData\Local\GitHubDesktop\bin;.]
11-Nov-2020 18:14:39.421 INFO [main] org.apache.coyote.AbstractProtocol.init Initializing ProtocolHandler ["http-nio-8080"]
11-Nov-2020 18:14:39.478 INFO [main] org.apache.tomcat.util.net.NioSelectorPool.getSharedSelector Using a shared selector for servlet write/read
11-Nov-2020 18:14:39.482 INFO [main] org.apache.coyote.AbstractProtocol.init Initializing ProtocolHandler ["ajp-nio-8009"]
11-Nov-2020 18:14:39.484 INFO [main] org.apache.tomcat.util.net.NioSelectorPool.getSharedSelector Using a shared selector for servlet write/read
11-Nov-2020 18:14:39.484 INFO [main] org.apache.catalina.startup.Catalina.load Initialization processed in 354 ms
11-Nov-2020 18:14:39.508 INFO [main] org.apache.catalina.core.StandardService.startInternal Starting service [Catalina]
11-Nov-2020 18:14:39.508 INFO [main] org.apache.catalina.core.StandardEngine.startInternal Starting Servlet Engine: Apache Tomcat/9.0.1
11-Nov-2020 18:14:39.513 INFO [main] org.apache.catalina.startup.HostConfig.deployDirectory Deploying web application directory [C:\Users\Mark\Documents\Swansea Work\Data Representation, Markup Languages and Web Services\Labs\Lab 7\tomcat\webapps\Lab7]
11-Nov-2020 18:14:39.748 INFO [main] org.apache.catalina.startup.HostConfig.deployDirectory Deployment of web application directory [C:\Users\Mark\Documents\Swansea Work\Data Representation, Markup Languages and Web Services\Labs\Lab 7\tomcat\webapps\Lab7] has finished in [234] ms
11-Nov-2020 18:14:39.748 INFO [main] org.apache.catalina.startup.HostConfig.deployDirectory Deploying web application directory [C:\Users\Mark\Documents\Swansea Work\Data Representation, Markup Languages and Web Services\Labs\Lab 7\tomcat\webapps\ROOT]
11-Nov-2020 18:14:39.782 INFO [main] org.apache.catalina.startup.HostConfig.deployDirectory Deployment of web application directory [C:\Users\Mark\Documents\Swansea Work\Data Representation, Markup Languages and Web Services\Labs\Lab 7\tomcat\webapps\ROOT] has finished in [34] ms
11-Nov-2020 18:14:39.783 INFO [main] org.apache.coyote.AbstractProtocol.start Starting ProtocolHandler ["http-nio-8080"]
11-Nov-2020 18:14:39.791 INFO [main] org.apache.coyote.AbstractProtocol.start Starting ProtocolHandler ["ajp-nio-8009"]
11-Nov-2020 18:14:39.800 INFO [main] org.apache.catalina.startup.Catalina.start Server startup in 315 ms
11-Nov-2020 18:20:00.341 INFO [ContainerBackgroundProcessor[StandardEngine[Catalina]]] org.apache.catalina.startup.HostConfig.undeploy Undeploying context [/Lab7]
11-Nov-2020 18:20:00.353 INFO [ContainerBackgroundProcessor[StandardEngine[Catalina]]] org.apache.catalina.startup.HostConfig.deployDirectory Deploying web application directory [C:\Users\Mark\Documents\Swansea Work\Data Representation, Markup Languages and Web Services\Labs\Lab 7\tomcat\webapps\Lab7stufff]
11-Nov-2020 18:20:00.369 INFO [ContainerBackgroundProcessor[StandardEngine[Catalina]]] org.apache.catalina.startup.HostConfig.deployDirectory Deployment of web application directory [C:\Users\Mark\Documents\Swansea Work\Data Representation, Markup Languages and Web Services\Labs\Lab 7\tomcat\webapps\Lab7stufff] has finished in [16] ms
11-Nov-2020 18:20:10.371 INFO [ContainerBackgroundProcessor[StandardEngine[Catalina]]] org.apache.catalina.startup.HostConfig.deployDirectory Deploying web application directory [C:\Users\Mark\Documents\Swansea Work\Data Representation, Markup Languages and Web Services\Labs\Lab 7\tomcat\webapps\Lab7]
11-Nov-2020 18:20:10.403 INFO [ContainerBackgroundProcessor[StandardEngine[Catalina]]] org.apache.catalina.startup.HostConfig.deployDirectory Deployment of web application directory [C:\Users\Mark\Documents\Swansea Work\Data Representation, Markup Languages and Web Services\Labs\Lab 7\tomcat\webapps\Lab7] has finished in [33] ms
11-Nov-2020 18:20:13.958 INFO [main] org.apache.catalina.core.StandardServer.await A valid shutdown command was received via the shutdown port. Stopping the Server instance.
11-Nov-2020 18:20:13.958 INFO [main] org.apache.coyote.AbstractProtocol.pause Pausing ProtocolHandler ["http-nio-8080"]
11-Nov-2020 18:20:14.016 INFO [main] org.apache.coyote.AbstractProtocol.pause Pausing ProtocolHandler ["ajp-nio-8009"]
11-Nov-2020 18:20:14.071 INFO [main] org.apache.catalina.core.StandardService.stopInternal Stopping service [Catalina]
11-Nov-2020 18:20:14.077 INFO [main] org.apache.coyote.AbstractProtocol.stop Stopping ProtocolHandler ["http-nio-8080"]
11-Nov-2020 18:20:14.078 INFO [main] org.apache.coyote.AbstractProtocol.stop Stopping ProtocolHandler ["ajp-nio-8009"]
11-Nov-2020 18:20:14.080 INFO [main] org.apache.coyote.AbstractProtocol.destroy Destroying ProtocolHandler ["http-nio-8080"]
11-Nov-2020 18:20:14.081 INFO [main] org.apache.coyote.AbstractProtocol.destroy Destroying ProtocolHandler ["ajp-nio-8009"]
